<?xml version="1.0" encoding="UTF-8"?>
<!-- Generated by org.testng.reporters.JUnitXMLReporter -->
<testsuite hostname="DESKTOP-SM48EEK" ignored="0" name="Default test" tests="3" failures="0" timestamp="22 May 2021 18:32:37 GMT" time="94.403" errors="0">
  <testcase name="addNewEmployee" time="5.803" classname="orange.testcases.PIMTabTest"/>
  <testcase name="addNewEmployee" time="5.898" classname="orange.testcases.PIMTabTest"/>
  <testcase name="addNewEmployee" time="5.799" classname="orange.testcases.PIMTabTest"/>
</testsuite> <!-- Default test -->
